* Starting client
* Connecting to master process on port 2882
* Analyzing classpath: 
  - C:/Users/ASUS/Desktop/MIEI/4º Ano/ATS/ATS/Projeto/p2/target/classes
  - C:\Users\ASUS\Desktop\MIEI\4º Ano\ATS\ATS\Projeto\p2\target\classes
* Finished analyzing classpath
* Generating tests for class view.Table
* Test criteria:
  - Line Coverage
  - Branch Coverage
  - Exception
  - Mutation testing (weak)
  - Method-Output Coverage
  - Top-Level Method Coverage
  - No-Exception Top-Level Method Coverage
  - Context Branch Coverage
* Setting up search algorithm for whole suite generation
[MASTER] 14:08:09.760 [pool-2-thread-1] WARN  TestSuiteSerialization - Cannot load tests because file does not exist: C:\Users\ASUS\Desktop\MIEI\4º Ano\ATS\ATS\Projeto\p2\.evosuite\evosuite-seeds\view.Table.seed
* Loaded 0 tests from C:\Users\ASUS\Desktop\MIEI\4º Ano\ATS\ATS\Projeto\p2\.evosuite\evosuite-seeds\view.Table.seed
* Total number of test goals: 
  - Line 41
  - Branch 19
  - Exception 0
  - MutationFactory 143
  - Output 3
  - Method 2
  - MethodNoException 2
  - CBranchFitnessFactory 19
* Using seed 1579270086698
* Starting evolution
* Search finished after 133s and 1407 generations, 452373 statements, best individual has fitness: 3.25
* Writing sequences to pool
* Minimizing test suite
* Going to analyze the coverage criteria
* Coverage analysis for criterion LINE
* Coverage of criterion LINE: 100%
* Total number of goals: 41
* Number of covered goals: 41
* Coverage analysis for criterion BRANCH
* Coverage of criterion BRANCH: 100%
* Total number of goals: 19
* Number of covered goals: 19
* Coverage analysis for criterion EXCEPTION
* Coverage of criterion EXCEPTION: 100%
* Total number of goals: 3
* Number of covered goals: 3
* Coverage analysis for criterion WEAKMUTATION
* Coverage of criterion WEAKMUTATION: 99%
* Total number of goals: 143
* Number of covered goals: 141
* Coverage analysis for criterion OUTPUT
* Coverage of criterion OUTPUT: 33%
* Total number of goals: 3
* Number of covered goals: 1
* Coverage analysis for criterion METHOD
* Coverage of criterion METHOD: 100%
* Total number of goals: 2
* Number of covered goals: 2
* Coverage analysis for criterion METHODNOEXCEPTION
* Coverage of criterion METHODNOEXCEPTION: 100%
* Total number of goals: 2
* Number of covered goals: 2
* Coverage analysis for criterion CBRANCH
* Coverage of criterion CBRANCH: 100%
* Total number of goals: 19
* Number of covered goals: 19
* Generated 6 tests with total length 39
* Resulting test suite's coverage: 91% (average coverage for all fitness functions)
* Generating assertions
* Resulting test suite's mutation score: 68%
* Compiling and checking tests
* Writing JUnit test case 'Table_ESTest' to C:\Users\ASUS\Desktop\MIEI\4º Ano\ATS\ATS\Projeto\p2\.evosuite\tmp_2020_01_17_13_21_42\tests
* Done!

