* Starting client
* Connecting to master process on port 8445
* Analyzing classpath: 
  - C:/Users/ASUS/Desktop/MIEI/4º Ano/ATS/ATS/Projeto/p2/target/classes
  - C:\Users\ASUS\Desktop\MIEI\4º Ano\ATS\ATS\Projeto\p2\target\classes
* Finished analyzing classpath
* Generating tests for class model.Users
* Test criteria:
  - Line Coverage
  - Branch Coverage
  - Exception
  - Mutation testing (weak)
  - Method-Output Coverage
  - Top-Level Method Coverage
  - No-Exception Top-Level Method Coverage
  - Context Branch Coverage
* Setting up search algorithm for whole suite generation
[MASTER] 14:16:52.406 [pool-2-thread-1] WARN  TestSuiteSerialization - Cannot load tests because file does not exist: C:\Users\ASUS\Desktop\MIEI\4º Ano\ATS\ATS\Projeto\p2\.evosuite\evosuite-seeds\model.Users.seed
* Loaded 0 tests from C:\Users\ASUS\Desktop\MIEI\4º Ano\ATS\ATS\Projeto\p2\.evosuite\evosuite-seeds\model.Users.seed
* Total number of test goals: 
  - Line 17
  - Branch 13
  - Exception 0
  - MutationFactory 8
  - Output 12
  - Method 6
  - MethodNoException 6
  - CBranchFitnessFactory 13
* Using seed 1579270609438
* Starting evolution
* Search finished after 90s and 1795 generations, 439815 statements, best individual has fitness: 3.25
* Writing sequences to pool
* Minimizing test suite
* Going to analyze the coverage criteria
* Coverage analysis for criterion LINE
* Coverage of criterion LINE: 100%
* Total number of goals: 17
* Number of covered goals: 17
* Coverage analysis for criterion BRANCH
* Coverage of criterion BRANCH: 100%
* Total number of goals: 13
* Number of covered goals: 13
* Coverage analysis for criterion EXCEPTION
* Coverage of criterion EXCEPTION: 100%
* Total number of goals: 3
* Number of covered goals: 3
* Coverage analysis for criterion WEAKMUTATION
* Coverage of criterion WEAKMUTATION: 100%
* Total number of goals: 8
* Number of covered goals: 8
* Coverage analysis for criterion OUTPUT
* Coverage of criterion OUTPUT: 75%
* Total number of goals: 12
* Number of covered goals: 9
* Coverage analysis for criterion METHOD
* Coverage of criterion METHOD: 100%
* Total number of goals: 6
* Number of covered goals: 6
* Coverage analysis for criterion METHODNOEXCEPTION
* Coverage of criterion METHODNOEXCEPTION: 100%
* Total number of goals: 6
* Number of covered goals: 6
* Coverage analysis for criterion CBRANCH
* Coverage of criterion CBRANCH: 100%
* Total number of goals: 13
* Number of covered goals: 13
* Generated 13 tests with total length 47
* Resulting test suite's coverage: 97% (average coverage for all fitness functions)
* Generating assertions
* Resulting test suite's mutation score: 88%
* Compiling and checking tests
* Permissions denied during test execution: 
  - java.lang.RuntimePermission: 
         loadLibrary.sunmscapi: 1
* Writing JUnit test case 'Users_ESTest' to C:\Users\ASUS\Desktop\MIEI\4º Ano\ATS\ATS\Projeto\p2\.evosuite\tmp_2020_01_17_13_21_42\tests
* Done!

