* Starting client
* Connecting to master process on port 15894
* Analyzing classpath: 
  - C:/Users/ASUS/Desktop/MIEI/4º Ano/ATS/ATS/Projeto/p2/target/classes
  - C:\Users\ASUS\Desktop\MIEI\4º Ano\ATS\ATS\Projeto\p2\target\classes
* Finished analyzing classpath
* Generating tests for class utils.Point
* Test criteria:
  - Line Coverage
  - Branch Coverage
  - Exception
  - Mutation testing (weak)
  - Method-Output Coverage
  - Top-Level Method Coverage
  - No-Exception Top-Level Method Coverage
  - Context Branch Coverage
* Setting up search algorithm for whole suite generation
[MASTER] 14:26:57.950 [pool-2-thread-1] WARN  TestSuiteSerialization - Cannot load tests because file does not exist: C:\Users\ASUS\Desktop\MIEI\4º Ano\ATS\ATS\Projeto\p2\.evosuite\evosuite-seeds\utils.Point.seed
* Loaded 0 tests from C:\Users\ASUS\Desktop\MIEI\4º Ano\ATS\ATS\Projeto\p2\.evosuite\evosuite-seeds\utils.Point.seed
* Total number of test goals: 
  - Line 10
  - Branch 4
  - Exception 0
  - MutationFactory 37
  - Output 6
  - Method 4
  - MethodNoException 4
  - CBranchFitnessFactory 4
* Using seed 1579271215080
* Starting evolution
* Search finished after 32s and 670 generations, 174532 statements, best individual has fitness: 3.25
* Writing sequences to pool
* Minimizing test suite
* Going to analyze the coverage criteria
* Coverage analysis for criterion LINE
* Coverage of criterion LINE: 100%
* Total number of goals: 10
* Number of covered goals: 10
* Coverage analysis for criterion BRANCH
* Coverage of criterion BRANCH: 100%
* Total number of goals: 4
* Number of covered goals: 4
* Coverage analysis for criterion EXCEPTION
* Coverage of criterion EXCEPTION: 100%
* Total number of goals: 3
* Number of covered goals: 3
* Coverage analysis for criterion WEAKMUTATION
* Coverage of criterion WEAKMUTATION: 100%
* Total number of goals: 37
* Number of covered goals: 37
* Coverage analysis for criterion OUTPUT
* Coverage of criterion OUTPUT: 50%
* Total number of goals: 6
* Number of covered goals: 3
* Coverage analysis for criterion METHOD
* Coverage of criterion METHOD: 100%
* Total number of goals: 4
* Number of covered goals: 4
* Coverage analysis for criterion METHODNOEXCEPTION
* Coverage of criterion METHODNOEXCEPTION: 100%
* Total number of goals: 4
* Number of covered goals: 4
* Coverage analysis for criterion CBRANCH
* Coverage of criterion CBRANCH: 100%
* Total number of goals: 4
* Number of covered goals: 4
* Generated 7 tests with total length 19
* Resulting test suite's coverage: 94% (average coverage for all fitness functions)
* Generating assertions
* Resulting test suite's mutation score: 84%
* Compiling and checking tests
* Writing JUnit test case 'Point_ESTest' to C:\Users\ASUS\Desktop\MIEI\4º Ano\ATS\ATS\Projeto\p2\.evosuite\tmp_2020_01_17_13_21_42\tests
* Done!

