* Starting client
* Connecting to master process on port 16374
* Analyzing classpath: 
  - C:/Users/ASUS/Desktop/MIEI/4º Ano/ATS/ATS/Projeto/p2/target/classes
  - C:\Users\ASUS\Desktop\MIEI\4º Ano\ATS\ATS\Projeto\p2\target\classes
* Finished analyzing classpath
* Generating tests for class model.Rental
* Test criteria:
  - Line Coverage
  - Branch Coverage
  - Exception
  - Mutation testing (weak)
  - Method-Output Coverage
  - Top-Level Method Coverage
  - No-Exception Top-Level Method Coverage
  - Context Branch Coverage
* Setting up search algorithm for whole suite generation
[MASTER] 13:58:45.206 [pool-2-thread-1] WARN  TestSuiteSerialization - Cannot load tests because file does not exist: C:\Users\ASUS\Desktop\MIEI\4º Ano\ATS\ATS\Projeto\p2\.evosuite\evosuite-seeds\model.Rental.seed
* Loaded 0 tests from C:\Users\ASUS\Desktop\MIEI\4º Ano\ATS\ATS\Projeto\p2\.evosuite\evosuite-seeds\model.Rental.seed
* Total number of test goals: 
  - Line 81
  - Branch 42
  - Exception 0
  - MutationFactory 217
  - Output 34
  - Method 17
  - MethodNoException 17
  - CBranchFitnessFactory 42
* Using seed 1579269521686
* Starting evolution
* Search finished after 171s and 1901 generations, 961360 statements, best individual has fitness: 22.583333333333336
* Writing sequences to pool
* Minimizing test suite
* Going to analyze the coverage criteria
* Coverage analysis for criterion LINE
* Coverage of criterion LINE: 100%
* Total number of goals: 81
* Number of covered goals: 81
* Coverage analysis for criterion BRANCH
* Coverage of criterion BRANCH: 93%
* Total number of goals: 42
* Number of covered goals: 39
* Coverage analysis for criterion EXCEPTION
* Coverage of criterion EXCEPTION: 100%
* Total number of goals: 11
* Number of covered goals: 11
* Coverage analysis for criterion WEAKMUTATION
* Coverage of criterion WEAKMUTATION: 98%
* Total number of goals: 217
* Number of covered goals: 213
* Coverage analysis for criterion OUTPUT
* Coverage of criterion OUTPUT: 62%
* Total number of goals: 34
* Number of covered goals: 21
* Coverage analysis for criterion METHOD
* Coverage of criterion METHOD: 100%
* Total number of goals: 17
* Number of covered goals: 17
* Coverage analysis for criterion METHODNOEXCEPTION
* Coverage of criterion METHODNOEXCEPTION: 100%
* Total number of goals: 17
* Number of covered goals: 17
* Coverage analysis for criterion CBRANCH
* Coverage of criterion CBRANCH: 93%
* Total number of goals: 42
* Number of covered goals: 39
* Generated 45 tests with total length 369
* Resulting test suite's coverage: 93% (average coverage for all fitness functions)
* Generating assertions
* Resulting test suite's mutation score: 89%
* Compiling and checking tests
[MASTER] 14:02:05.526 [pool-2-thread-1] WARN  JUnitAnalyzer - Found unstable test named test0 -> class java.lang.AssertionError: expected:<-137822.51160002127> but was:<-136594.7568683028>
[MASTER] 14:02:05.526 [pool-2-thread-1] WARN  JUnitAnalyzer - Failing test:
 Owner owner0 = new Owner((String) null, (String) null, (String) null, (-2916), (String) null);
Car.CarType car_CarType0 = Car.CarType.ELECTRIC;
Double double0 = new Double((-29.94192219963547));
Point point0 = new Point(double0, double0);
Car car0 = new Car((String) null, owner0, car_CarType0, (-29.94192219963547), (-29.94192219963547), (-2916), (-2916), point0, (String) null);
Client client0 = new Client(point0, (String) null, (String) null, (String) null, (String) null, (-2916));
Double double1 = new Double((-2916));
Point point1 = new Point(double1, double1);
Rental rental0 = new Rental(car0, client0, point1);
rental0.rent();
double double2 = rental0.getPrice();
assertEquals((-137822.51160002127), double2, 0.01);


* Permissions denied during test execution: 
  - java.lang.RuntimePermission: 
         loadLibrary.sunmscapi: 1
* Writing JUnit test case 'Rental_ESTest' to C:\Users\ASUS\Desktop\MIEI\4º Ano\ATS\ATS\Projeto\p2\.evosuite\tmp_2020_01_17_13_21_42\tests
* Done!

