* Starting client
* Connecting to master process on port 15857
* Analyzing classpath: 
  - C:/Users/ASUS/Desktop/MIEI/4º Ano/ATS/ATS/Projeto/p2/target/classes
  - C:\Users\ASUS\Desktop\MIEI\4º Ano\ATS\ATS\Projeto\p2\target\classes
* Finished analyzing classpath
* Generating tests for class model.Owner
* Test criteria:
  - Line Coverage
  - Branch Coverage
  - Exception
  - Mutation testing (weak)
  - Method-Output Coverage
  - Top-Level Method Coverage
  - No-Exception Top-Level Method Coverage
  - Context Branch Coverage
* Setting up search algorithm for whole suite generation
[MASTER] 14:12:52.344 [pool-2-thread-1] WARN  TestSuiteSerialization - Cannot load tests because file does not exist: C:\Users\ASUS\Desktop\MIEI\4º Ano\ATS\ATS\Projeto\p2\.evosuite\evosuite-seeds\model.Owner.seed
* Loaded 0 tests from C:\Users\ASUS\Desktop\MIEI\4º Ano\ATS\ATS\Projeto\p2\.evosuite\evosuite-seeds\model.Owner.seed
* Total number of test goals: 
  - Line 36
  - Branch 23
  - Exception 0
  - MutationFactory 16
  - Output 14
  - Method 11
  - MethodNoException 11
  - CBranchFitnessFactory 23
* Using seed 1579270369261
* Starting evolution
* Search finished after 112s and 2042 generations, 651624 statements, best individual has fitness: 4.1
* Writing sequences to pool
* Minimizing test suite
* Going to analyze the coverage criteria
* Coverage analysis for criterion LINE
* Coverage of criterion LINE: 100%
* Total number of goals: 36
* Number of covered goals: 36
* Coverage analysis for criterion BRANCH
* Coverage of criterion BRANCH: 100%
* Total number of goals: 23
* Number of covered goals: 23
* Coverage analysis for criterion EXCEPTION
* Coverage of criterion EXCEPTION: 100%
* Total number of goals: 9
* Number of covered goals: 9
* Coverage analysis for criterion WEAKMUTATION
* Coverage of criterion WEAKMUTATION: 100%
* Total number of goals: 16
* Number of covered goals: 16
* Coverage analysis for criterion OUTPUT
* Coverage of criterion OUTPUT: 71%
* Total number of goals: 14
* Number of covered goals: 10
* Coverage analysis for criterion METHOD
* Coverage of criterion METHOD: 100%
* Total number of goals: 11
* Number of covered goals: 11
* Coverage analysis for criterion METHODNOEXCEPTION
* Coverage of criterion METHODNOEXCEPTION: 100%
* Total number of goals: 11
* Number of covered goals: 11
* Coverage analysis for criterion CBRANCH
* Coverage of criterion CBRANCH: 100%
* Total number of goals: 23
* Number of covered goals: 23
* Generated 23 tests with total length 119
* Resulting test suite's coverage: 96% (average coverage for all fitness functions)
* Generating assertions
* Resulting test suite's mutation score: 100%
* Compiling and checking tests
* Permissions denied during test execution: 
  - java.lang.RuntimePermission: 
         loadLibrary.sunmscapi: 1
* Writing JUnit test case 'Owner_ESTest' to C:\Users\ASUS\Desktop\MIEI\4º Ano\ATS\ATS\Projeto\p2\.evosuite\tmp_2020_01_17_13_21_42\tests
* Done!

